<?xml version="1.0" encoding="UTF-8"?>
<!-- Generated by org.testng.reporters.JUnitXMLReporter -->
<testsuite ignored="0" hostname="DESKTOP-OHKP4GE" failures="0" tests="3" name="Default test" time="0.298" errors="0" timestamp="2022-05-12T16:29:55 IST">
  <testcase classname="com.apache.maven.Exeldatadriven" name="loginTest" time="0.015"/>
  <testcase classname="com.apache.maven.Exeldatadriven" name="loginTest" time="0.015"/>
  <testcase classname="com.apache.maven.Exeldatadriven" name="loginTest" time="0.002"/>
</testsuite> <!-- Default test -->
